<?xml version="1.0" encoding="UTF-8"?>
<!-- Generated by org.testng.reporters.JUnitReportReporter -->
<testsuite skipped="0" hostname="HP" name="AasaanJobsAPITest" tests="2" failures="0" timestamp="15 Jan 2019 18:17:29 GMT" time="12.089" errors="0">
  <testcase name="checkAPI" time="12.032" classname="AasaanJobsAPITest"/>
  <testcase name="isRowsFromGivenFileIsEqual" time="0.057" classname="AasaanJobsAPITest"/>
</testsuite> <!-- AasaanJobsAPITest -->
